[0m18:21:43.424750 [debug] [MainThread]: Sending event: {'category': 'dbt', 'action': 'invocation', 'label': 'start', 'context': [<snowplow_tracker.self_describing_json.SelfDescribingJson object at 0x00000223ED0C9DD0>, <snowplow_tracker.self_describing_json.SelfDescribingJson object at 0x00000223ED0C7BD0>, <snowplow_tracker.self_describing_json.SelfDescribingJson object at 0x00000223ED0C8850>]}


============================== 18:21:43.424750 | cf15d08e-6be4-4e41-a5d9-e05ffdaa0e7e ==============================
[0m18:21:43.424750 [info ] [MainThread]: Running with dbt=1.11.2
[0m18:21:43.440778 [debug] [MainThread]: running dbt with arguments {'static_parser': 'True', 'no_print': 'None', 'version_check': 'True', 'target_path': 'None', 'warn_error_options': 'WarnErrorOptionsV2(error=[], warn=[], silence=[])', 'printer_width': '80', 'write_json': 'True', 'introspect': 'True', 'log_cache_events': 'False', 'empty': 'None', 'cache_selected_only': 'False', 'fail_fast': 'False', 'debug': 'False', 'log_format': 'default', 'partial_parse': 'True', 'send_anonymous_usage_stats': 'True', 'quiet': 'False', 'warn_error': 'None', 'profiles_dir': 'C:\\Users\\knabe\\.dbt', 'invocation_command': 'dbt init dbt_project', 'use_colors': 'True', 'indirect_selection': 'eager', 'use_experimental_parser': 'False', 'log_path': 'logs'}
[0m18:21:43.480704 [info ] [MainThread]: Creating dbt configuration folder at C:\Users\knabe\.dbt
[0m18:21:43.480704 [debug] [MainThread]: Starter project path: c:\Users\knabe\OneDrive - Hewlett Packard Enterprise\Documents\Semester 5\data management\dbt-ci-pipeline\.venv\Lib\site-packages\dbt\include\starter_project
[0m18:21:43.549480 [info ] [MainThread]: 
Your new dbt project "dbt_project" was created!

For more information on how to configure the profiles.yml file,
please consult the dbt documentation here:

  https://docs.getdbt.com/docs/configure-your-profile

One more thing:

Need help? Don't hesitate to reach out to us via GitHub issues or on Slack:

  https://community.getdbt.com/

Happy modeling!

[0m18:21:43.550481 [info ] [MainThread]: Setting up your profile.
[0m18:21:52.601878 [info ] [MainThread]: Profile dbt_project written to C:\Users\knabe\.dbt\profiles.yml using target's sample configuration. Once updated, you'll be able to start developing with dbt.
[0m18:21:52.601878 [debug] [MainThread]: Command `dbt init` succeeded at 18:21:52.601878 after 9.35 seconds
[0m18:21:52.601878 [debug] [MainThread]: Sending event: {'category': 'dbt', 'action': 'invocation', 'label': 'end', 'context': [<snowplow_tracker.self_describing_json.SelfDescribingJson object at 0x00000223E7B7EFD0>, <snowplow_tracker.self_describing_json.SelfDescribingJson object at 0x00000223E6F93110>, <snowplow_tracker.self_describing_json.SelfDescribingJson object at 0x00000223E6DC5150>]}
[0m18:21:52.601878 [debug] [MainThread]: Flushing usage events
[0m18:21:53.740930 [debug] [MainThread]: An error was encountered while trying to flush usage events
[0m18:33:02.280298 [debug] [MainThread]: Sending event: {'category': 'dbt', 'action': 'invocation', 'label': 'start', 'context': [<snowplow_tracker.self_describing_json.SelfDescribingJson object at 0x0000017C5F1A4550>, <snowplow_tracker.self_describing_json.SelfDescribingJson object at 0x0000017C5F16F4D0>, <snowplow_tracker.self_describing_json.SelfDescribingJson object at 0x0000017C5F1621D0>]}


============================== 18:33:02.290234 | a379310f-e2aa-4fa6-8b71-c528bee78c0f ==============================
[0m18:33:02.290234 [info ] [MainThread]: Running with dbt=1.11.2
[0m18:33:02.292236 [debug] [MainThread]: running dbt with arguments {'version_check': 'True', 'no_print': 'None', 'static_parser': 'True', 'target_path': 'None', 'warn_error_options': 'WarnErrorOptionsV2(error=[], warn=[], silence=[])', 'printer_width': '80', 'write_json': 'True', 'empty': 'False', 'log_cache_events': 'False', 'introspect': 'True', 'cache_selected_only': 'False', 'fail_fast': 'False', 'debug': 'False', 'log_format': 'default', 'partial_parse': 'True', 'send_anonymous_usage_stats': 'True', 'quiet': 'False', 'warn_error': 'None', 'profiles_dir': 'C:\\Users\\knabe\\.dbt', 'invocation_command': 'dbt run', 'use_colors': 'True', 'indirect_selection': 'eager', 'use_experimental_parser': 'False', 'log_path': 'logs'}
[0m18:33:02.293744 [error] [MainThread]: Encountered an error:
Runtime Error
  No dbt_project.yml found at expected path C:\Users\knabe\OneDrive - Hewlett Packard Enterprise\Documents\Semester 5\data management\dbt-ci-pipeline\dbt_project.yml
  Verify that each entry within packages.yml (and their transitive dependencies) contains a file named dbt_project.yml
  
[0m18:33:02.295756 [debug] [MainThread]: Command `dbt run` failed at 18:33:02.295756 after 0.20 seconds
[0m18:33:02.296755 [debug] [MainThread]: Sending event: {'category': 'dbt', 'action': 'invocation', 'label': 'end', 'context': [<snowplow_tracker.self_describing_json.SelfDescribingJson object at 0x0000017C5DF0C350>, <snowplow_tracker.self_describing_json.SelfDescribingJson object at 0x0000017C5F1D9550>, <snowplow_tracker.self_describing_json.SelfDescribingJson object at 0x0000017C5F1DB050>]}
[0m18:33:02.297757 [debug] [MainThread]: Flushing usage events
[0m18:33:03.274846 [debug] [MainThread]: An error was encountered while trying to flush usage events
[0m18:38:40.498922 [debug] [MainThread]: Sending event: {'category': 'dbt', 'action': 'invocation', 'label': 'start', 'context': [<snowplow_tracker.self_describing_json.SelfDescribingJson object at 0x000001759128EC50>, <snowplow_tracker.self_describing_json.SelfDescribingJson object at 0x00000175912961D0>, <snowplow_tracker.self_describing_json.SelfDescribingJson object at 0x0000017595770AD0>]}


============================== 18:38:40.514925 | 1dc92e9b-96c1-432b-b3ed-bf21c582be42 ==============================
[0m18:38:40.514925 [info ] [MainThread]: Running with dbt=1.11.2
[0m18:38:40.514925 [debug] [MainThread]: running dbt with arguments {'static_parser': 'True', 'no_print': 'None', 'version_check': 'True', 'target_path': 'None', 'warn_error_options': 'WarnErrorOptionsV2(error=[], warn=[], silence=[])', 'printer_width': '80', 'write_json': 'True', 'empty': 'False', 'log_cache_events': 'False', 'introspect': 'True', 'cache_selected_only': 'False', 'log_format': 'default', 'debug': 'False', 'fail_fast': 'False', 'partial_parse': 'True', 'send_anonymous_usage_stats': 'True', 'quiet': 'False', 'warn_error': 'None', 'profiles_dir': 'C:\\Users\\knabe\\.dbt', 'indirect_selection': 'eager', 'invocation_command': 'dbt run', 'use_colors': 'True', 'use_experimental_parser': 'False', 'log_path': 'logs'}
[0m18:38:40.514925 [error] [MainThread]: Encountered an error:
Runtime Error
  No dbt_project.yml found at expected path C:\Users\knabe\OneDrive - Hewlett Packard Enterprise\Documents\Semester 5\data management\dbt-ci-pipeline\dbt_project.yml
  Verify that each entry within packages.yml (and their transitive dependencies) contains a file named dbt_project.yml
  
[0m18:38:40.514925 [debug] [MainThread]: Command `dbt run` failed at 18:38:40.514925 after 0.19 seconds
[0m18:38:40.514925 [debug] [MainThread]: Sending event: {'category': 'dbt', 'action': 'invocation', 'label': 'end', 'context': [<snowplow_tracker.self_describing_json.SelfDescribingJson object at 0x000001759550C350>, <snowplow_tracker.self_describing_json.SelfDescribingJson object at 0x000001758F4E4C50>, <snowplow_tracker.self_describing_json.SelfDescribingJson object at 0x0000017595772CD0>]}
[0m18:38:40.514925 [debug] [MainThread]: Flushing usage events
[0m18:38:41.474423 [debug] [MainThread]: An error was encountered while trying to flush usage events
[0m19:05:40.588169 [debug] [MainThread]: Sending event: {'category': 'dbt', 'action': 'invocation', 'label': 'start', 'context': [<snowplow_tracker.self_describing_json.SelfDescribingJson object at 0x00000186593C9DD0>, <snowplow_tracker.self_describing_json.SelfDescribingJson object at 0x00000186593CB450>, <snowplow_tracker.self_describing_json.SelfDescribingJson object at 0x00000186593CBD90>]}


============================== 19:05:40.593161 | 5dbc20a3-dbd8-42d4-af2b-0e9d92a7c1e0 ==============================
[0m19:05:40.593161 [info ] [MainThread]: Running with dbt=1.11.2
[0m19:05:40.593161 [debug] [MainThread]: running dbt with arguments {'version_check': 'True', 'no_print': 'None', 'static_parser': 'True', 'warn_error_options': 'WarnErrorOptionsV2(error=[], warn=[], silence=[])', 'target_path': 'None', 'printer_width': '80', 'write_json': 'True', 'introspect': 'True', 'log_cache_events': 'False', 'empty': 'False', 'cache_selected_only': 'False', 'fail_fast': 'False', 'debug': 'False', 'log_format': 'default', 'profiles_dir': 'C:\\Users\\knabe\\.dbt', 'send_anonymous_usage_stats': 'True', 'quiet': 'False', 'warn_error': 'None', 'partial_parse': 'True', 'use_colors': 'True', 'indirect_selection': 'eager', 'invocation_command': 'dbt run', 'use_experimental_parser': 'False', 'log_path': 'logs'}
[0m19:05:40.593161 [error] [MainThread]: Encountered an error:
Runtime Error
  No dbt_project.yml found at expected path C:\Users\knabe\OneDrive - Hewlett Packard Enterprise\Documents\Semester 5\data management\dbt-ci-pipeline\dbt_project.yml
  Verify that each entry within packages.yml (and their transitive dependencies) contains a file named dbt_project.yml
  
[0m19:05:40.593161 [debug] [MainThread]: Command `dbt run` failed at 19:05:40.593161 after 0.18 seconds
[0m19:05:40.593161 [debug] [MainThread]: Sending event: {'category': 'dbt', 'action': 'invocation', 'label': 'end', 'context': [<snowplow_tracker.self_describing_json.SelfDescribingJson object at 0x00000186593E1510>, <snowplow_tracker.self_describing_json.SelfDescribingJson object at 0x00000186593E1590>, <snowplow_tracker.self_describing_json.SelfDescribingJson object at 0x00000186530A4C10>]}
[0m19:05:40.593161 [debug] [MainThread]: Flushing usage events
[0m19:05:41.917640 [debug] [MainThread]: An error was encountered while trying to flush usage events
[0m19:33:29.109659 [debug] [MainThread]: Sending event: {'category': 'dbt', 'action': 'invocation', 'label': 'start', 'context': [<snowplow_tracker.self_describing_json.SelfDescribingJson object at 0x0000022E38096390>, <snowplow_tracker.self_describing_json.SelfDescribingJson object at 0x0000022E3C561B10>, <snowplow_tracker.self_describing_json.SelfDescribingJson object at 0x0000022E3808E9D0>]}


============================== 19:33:29.121297 | d8767a58-5d72-4c44-8257-f13136ca8432 ==============================
[0m19:33:29.121297 [info ] [MainThread]: Running with dbt=1.11.2
[0m19:33:29.123289 [debug] [MainThread]: running dbt with arguments {'version_check': 'True', 'no_print': 'None', 'static_parser': 'True', 'warn_error_options': 'WarnErrorOptionsV2(error=[], warn=[], silence=[])', 'target_path': 'None', 'printer_width': '80', 'write_json': 'True', 'introspect': 'True', 'log_cache_events': 'False', 'empty': 'None', 'cache_selected_only': 'False', 'fail_fast': 'False', 'debug': 'False', 'log_format': 'default', 'partial_parse': 'True', 'send_anonymous_usage_stats': 'True', 'quiet': 'False', 'warn_error': 'None', 'profiles_dir': 'C:\\Users\\knabe\\.dbt', 'use_colors': 'True', 'invocation_command': 'dbt clean', 'indirect_selection': 'eager', 'use_experimental_parser': 'False', 'log_path': 'logs'}
[0m19:33:29.125298 [error] [MainThread]: Encountered an error:
Runtime Error
  No dbt_project.yml found at expected path C:\Users\knabe\OneDrive - Hewlett Packard Enterprise\Documents\Semester 5\data management\dbt-ci-pipeline\dbt_project.yml
  Verify that each entry within packages.yml (and their transitive dependencies) contains a file named dbt_project.yml
  
[0m19:33:29.127296 [debug] [MainThread]: Command `dbt clean` failed at 19:33:29.127296 after 0.20 seconds
[0m19:33:29.128295 [debug] [MainThread]: Sending event: {'category': 'dbt', 'action': 'invocation', 'label': 'end', 'context': [<snowplow_tracker.self_describing_json.SelfDescribingJson object at 0x0000022E362A4BD0>, <snowplow_tracker.self_describing_json.SelfDescribingJson object at 0x0000022E3C561CD0>, <snowplow_tracker.self_describing_json.SelfDescribingJson object at 0x0000022E3C561010>]}
[0m19:33:29.129953 [debug] [MainThread]: Flushing usage events
[0m19:33:30.182257 [debug] [MainThread]: An error was encountered while trying to flush usage events
